Arguments: 
  /usr/local/bin/node /usr/share/yarn/bin/yarn.js add -D webpack webpack-cli

PATH: 
  /home/ispirett/.rbenv/bin:/home/ispirett/.rbenv/shims:/home/ispirett/WebstormProjects/my_tools/error_hunter_npm/node_modules/.bin:/home/ispirett/.local/bin:/usr/local/sbin:/usr/local/bin:/usr/sbin:/usr/bin:/sbin:/bin:/usr/games:/usr/local/games:/snap/bin:/home/ispirett/.dotnet/tools:/bin:/home/ispirett/go/bin

Yarn version: 
  1.19.1

Node version: 
  12.16.1

Platform: 
  linux x64

Trace: 
  Error: getaddrinfo EAI_AGAIN registry.yarnpkg.com
      at GetAddrInfoReqWrap.onlookup [as oncomplete] (dns.js:64:26)

npm manifest: 
  {
    "name": "error_hunter",
    "version": "1.0.0",
    "description": "Realtime error tracking for live apps",
    "main": "src/index.js",
    "scripts": {
      "test": "echo \"Error: no test specified\" && exit 1",
      "build": "webpack --mode production",
      "dev": "webpack --watch src --mode development"
    },
    "keywords": [
      "errors",
      "tracker",
      "node",
      "js"
    ],
    "author": "ispirett",
    "license": "ISC",
    "dependencies": {
      "@types/node": "^13.9.3"
    }
  }

yarn manifest: 
  No manifest

Lockfile: 
  No lockfile
